<?xml version="1.0" encoding="UTF-8"?>
<!-- Generated by org.testng.reporters.JUnitReportReporter -->
<testsuite hostname="PC" failures="0" tests="2" name="com.BStore.testcases.TC_VerifyLoginDataDriven" time="29.308" errors="0" timestamp="2023-03-01T19:40:07 IST" skipped="0">
  <testcase classname="com.BStore.testcases.TC_VerifyLoginDataDriven" name="Verifylogin_DataDriven" time="14.407"/>
  <system-out/>
  <testcase classname="com.BStore.testcases.TC_VerifyLoginDataDriven" name="Verifylogin_DataDriven" time="14.901"/>
  <system-out/>
</testsuite> <!-- com.BStore.testcases.TC_VerifyLoginDataDriven -->
