<?xml version="1.0" encoding="UTF-8"?>
<!-- Generated by org.testng.reporters.JUnitReportReporter -->
<testsuite hostname="PC" failures="0" tests="2" name="com.BStore.testcases.TC_VerifySignupAndLoginTest" time="8.922" errors="0" timestamp="2023-03-01T19:40:07 IST" skipped="1">
  <testcase classname="com.BStore.testcases.TC_VerifySignupAndLoginTest" name="Verifylogin" time="8.922"/>
  <system-out/>
  <testcase classname="com.BStore.testcases.TC_VerifySignupAndLoginTest" name="verifySignup">
    <skipped/>
  </testcase> <!-- verifySignup -->
  <system-out/>
</testsuite> <!-- com.BStore.testcases.TC_VerifySignupAndLoginTest -->
