<?xml version="1.0" encoding="UTF-8"?>
<!-- Generated by org.testng.reporters.JUnitReportReporter -->
<testsuite hostname="PC" failures="0" tests="1" name="com.BStore.testcases.TC_VerifyOrderAllTypeGadgets" time="7.236" errors="0" timestamp="2023-03-01T19:40:07 IST" skipped="0">
  <testcase classname="com.BStore.testcases.TC_VerifyOrderAllTypeGadgets" name="orderPhones" time="7.236"/>
  <system-out/>
</testsuite> <!-- com.BStore.testcases.TC_VerifyOrderAllTypeGadgets -->
